<?xml version="1.0" encoding="UTF-8"?>
<!-- Generated by org.testng.reporters.JUnitReportReporter -->
<testsuite hostname="DESKTOP-6QC8J3N" failures="0" tests="3" name="test.computer.BuyingCheapComputerTest" time="56.296" errors="0" timestamp="2023-09-24T19:16:34 ICT" skipped="0">
  <testcase classname="test.computer.BuyingCheapComputerTest" name="testCheapComputerBuying" time="15.464"/>
  <system-out/>
  <testcase classname="test.computer.BuyingCheapComputerTest" name="testCheapComputerBuying" time="26.852"/>
  <system-out/>
  <testcase classname="test.computer.BuyingCheapComputerTest" name="testCheapComputerBuying" time="13.980"/>
  <system-out/>
</testsuite> <!-- test.computer.BuyingCheapComputerTest -->
