<?xml version="1.0" encoding="UTF-8"?>
<!-- Generated by org.testng.reporters.JUnitReportReporter -->
<testsuite hostname="DESKTOP-6QC8J3N" failures="0" tests="2" name="api_learning.testng.TestNGTestOrder" time="0.002" errors="0" timestamp="2023-09-24T19:08:05 ICT" skipped="0">
  <testcase classname="api_learning.testng.TestNGTestOrder" name="test02" time="0.001"/>
  <system-out/>
  <testcase classname="api_learning.testng.TestNGTestOrder" name="test01" time="0.001"/>
  <system-out/>
</testsuite> <!-- api_learning.testng.TestNGTestOrder -->
