<?xml version="1.0" encoding="UTF-8"?>
<!-- Generated by org.testng.reporters.JUnitReportReporter -->
<testsuite hostname="DESKTOP-6QC8J3N" failures="0" tests="3" name="test.computer.BuyingStandardComputerTest" time="57.859" errors="0" timestamp="2023-09-24T19:16:34 ICT" skipped="0">
  <testcase classname="test.computer.BuyingStandardComputerTest" name="testStandardComputerBuying" time="14.612"/>
  <system-out/>
  <testcase classname="test.computer.BuyingStandardComputerTest" name="testStandardComputerBuying" time="15.179"/>
  <system-out/>
  <testcase classname="test.computer.BuyingStandardComputerTest" name="testStandardComputerBuying" time="28.068"/>
  <system-out/>
</testsuite> <!-- test.computer.BuyingStandardComputerTest -->
