<?xml version="1.0" encoding="UTF-8"?>
<!-- Generated by org.testng.reporters.JUnitReportReporter -->
<testsuite hostname="DESKTOP-6QC8J3N" failures="0" tests="1" name="api_learning.testng.TestNGHook02" time="0.003" errors="0" timestamp="2023-09-24T19:08:05 ICT" skipped="0">
  <testcase classname="api_learning.testng.TestNGHook02" name="testSth" time="0.003"/>
  <system-out/>
</testsuite> <!-- api_learning.testng.TestNGHook02 -->
